<?xml version="1.0" encoding="UTF-8"?>
<testsuite xmlns:xsi="http://www.w3.org/2001/XMLSchema-instance" xsi:noNamespaceSchemaLocation="https://maven.apache.org/surefire/maven-surefire-plugin/xsd/surefire-test-report-3.0.xsd" version="3.0" name="com.geekbrains.tests.GetProductsNegativeTests" time="0.183" tests="1" errors="0" skipped="0" failures="0">
  <properties>
[...]
</properties>
  <testcase name="getProductsWrongMethod" classname="com.geekbrains.tests.GetProductsNegativeTests" time="0.156">
    <system-err><![CDATA[дек. 21, 2021 3:07:31 AM okhttp3.internal.platform.Platform log
INFO: --> DELETE http://80.78.248.82:8189/market/api/v1/products
дек. 21, 2021 3:07:31 AM okhttp3.internal.platform.Platform log
INFO: <-- 405 http://80.78.248.82:8189/market/api/v1/products (51ms, unknown-length body)
]]></system-err>
  </testcase>
</testsuite>